9/2/2015 2:39:57 PM	This log contains information about the import schema operation into project 'DbProject' on computer 'EJR-HP' by user 'ejame_000'.
9/2/2015 2:39:57 PM	Import of database schema has started.
9/2/2015 2:40:01 PM	Gathering database options
9/2/2015 2:40:01 PM	Gathering users
9/2/2015 2:40:01 PM	Gathering roles
9/2/2015 2:40:01 PM	Gathering application roles
9/2/2015 2:40:02 PM	Gathering role memberships
9/2/2015 2:40:02 PM	Gathering filegroups
9/2/2015 2:40:02 PM	Gathering full-text catalogs
9/2/2015 2:40:02 PM	Gathering assemblies
9/2/2015 2:40:02 PM	Gathering certificates
9/2/2015 2:40:02 PM	Gathering asymmetric keys
9/2/2015 2:40:02 PM	Gathering symmetric keys
9/2/2015 2:40:02 PM	Gathering encrypted symmetric keys
9/2/2015 2:40:02 PM	Gathering schemas
9/2/2015 2:40:02 PM	Gathering XML schema collections
9/2/2015 2:40:02 PM	Gathering user-defined data types
9/2/2015 2:40:02 PM	Gathering user-defined types
9/2/2015 2:40:02 PM	Gathering table types
9/2/2015 2:40:02 PM	Gathering unique keys for table types
9/2/2015 2:40:02 PM	Gathering primary keys for table types
9/2/2015 2:40:02 PM	Gathering indexes for table types
9/2/2015 2:40:02 PM	Gathering check constraints for table types
9/2/2015 2:40:02 PM	Gathering default constraints for table types
9/2/2015 2:40:02 PM	Gathering partition functions
9/2/2015 2:40:02 PM	Gathering partition schemes
9/2/2015 2:40:02 PM	Gathering functions
9/2/2015 2:40:02 PM	Gathering encrypted functions
9/2/2015 2:40:02 PM	Gathering aggregates
9/2/2015 2:40:02 PM	Gathering procedures
9/2/2015 2:40:02 PM	Gathering encrypted procedures
9/2/2015 2:40:02 PM	Gathering tables
9/2/2015 2:40:02 PM	Gathering primary keys
9/2/2015 2:40:02 PM	Gathering unique constraints
9/2/2015 2:40:02 PM	Gathering foreign keys
9/2/2015 2:40:02 PM	Gathering default constraints
9/2/2015 2:40:02 PM	Gathering check constraints
9/2/2015 2:40:02 PM	Gathering views
9/2/2015 2:40:02 PM	Gathering encrypted views
9/2/2015 2:40:02 PM	Gathering indexes
9/2/2015 2:40:02 PM	Gathering statistics
9/2/2015 2:40:02 PM	Gathering full-text index stoplists
9/2/2015 2:40:02 PM	Gathering search property lists
9/2/2015 2:40:02 PM	Gathering search properties
9/2/2015 2:40:02 PM	Gathering full-text indexes
9/2/2015 2:40:02 PM	Gathering column store indexes
9/2/2015 2:40:02 PM	Gathering spatial indexes
9/2/2015 2:40:02 PM	Gathering XML indexes
9/2/2015 2:40:02 PM	Gathering Selective XML indexes
9/2/2015 2:40:02 PM	Gathering encrypted triggers
9/2/2015 2:40:02 PM	Gathering triggers
9/2/2015 2:40:02 PM	Gathering encrypted and clr ddl triggers
9/2/2015 2:40:02 PM	Gathering ddl triggers
9/2/2015 2:40:02 PM	Gathering synonyms
9/2/2015 2:40:02 PM	Gathering defaults
9/2/2015 2:40:02 PM	Gathering data constraint uddt bindings
9/2/2015 2:40:02 PM	Gathering rules
9/2/2015 2:40:02 PM	Gathering data constraint uddt bindings
9/2/2015 2:40:02 PM	Gathering message types
9/2/2015 2:40:02 PM	Gathering queues
9/2/2015 2:40:02 PM	Gathering contracts
9/2/2015 2:40:02 PM	Gathering services
9/2/2015 2:40:02 PM	Gathering event notifications
9/2/2015 2:40:02 PM	Gathering remote service bindings
9/2/2015 2:40:02 PM	Gathering broker priorities
9/2/2015 2:40:02 PM	Gathering signatures
9/2/2015 2:40:02 PM	Gathering data compression options
9/2/2015 2:40:02 PM	Gathering sequence types
9/2/2015 2:40:02 PM	Gathering extended properties
9/2/2015 2:40:02 PM	Gathering credentials
9/2/2015 2:40:02 PM	Gathering logins
9/2/2015 2:40:02 PM	Gathering server audits
9/2/2015 2:40:02 PM	Scanning project for duplicate elements
9/2/2015 2:40:02 PM	Finished duplicate element processing
9/2/2015 2:40:02 PM	Finished importing database.
9/2/2015 2:40:02 PM	A summary of the import was saved to the following location: C:\Users\ejame_000\Documents\Bootcamp\Projects\DollarsAndSense\DbProject\Import Schema Logs\DbProject_20150902063957.log
9/2/2015 2:40:02 PM	Click Finish to continue...
